<?xml version="1.0" encoding="UTF-8"?>
<!-- Generated by org.testng.reporters.JUnitReportReporter -->
<testsuite hostname="DESKTOP-NG1S63P" name="demoQaAuto.FormsPageTest" tests="2" failures="0" timestamp="21 Aug 2020 09:16:02 GMT" time="1.964" errors="0">
  <testcase name="verify_TextBox" time="1.662" classname="demoQaAuto.FormsPageTest"/>
  <testcase name="verify_Forms_Page_Link" time="0.302" classname="demoQaAuto.FormsPageTest"/>
</testsuite> <!-- demoQaAuto.FormsPageTest -->
