<?xml version="1.0" encoding="UTF-8"?>
<!-- Generated by org.testng.reporters.JUnitReportReporter -->
<testsuite hostname="DESKTOP-NG1S63P" name="demoQaAuto.ElementPageTest" tests="2" failures="0" timestamp="21 Aug 2020 09:18:33 GMT" time="1.852" errors="0">
  <testcase name="verify_Element_Page_Link" time="0.466" classname="demoQaAuto.ElementPageTest"/>
  <testcase name="verify_TextBox" time="1.386" classname="demoQaAuto.ElementPageTest"/>
</testsuite> <!-- demoQaAuto.ElementPageTest -->
