<?xml version="1.0" encoding="UTF-8"?>
<!-- Generated by org.testng.reporters.JUnitReportReporter -->
<testsuite hostname="DESKTOP-NG1S63P" name="demoQaAuto.ElementPageTest" tests="2" failures="0" timestamp="21 Aug 2020 02:59:07 GMT" time="1.343" errors="0">
  <testcase name="verify_TextBox" time="0.980" classname="demoQaAuto.ElementPageTest"/>
  <testcase name="verify_Element_Page_Link" time="0.363" classname="demoQaAuto.ElementPageTest"/>
</testsuite> <!-- demoQaAuto.ElementPageTest -->
