<?xml version="1.0" encoding="UTF-8"?>
<!-- Generated by org.testng.reporters.JUnitReportReporter -->
<testsuite hostname="DESKTOP-NG1S63P" name="demoQaAuto.FormsPageTest" tests="2" failures="0" timestamp="24 Aug 2020 14:29:06 GMT" time="2.210" errors="0">
  <testcase name="verify_TextBox" time="1.897" classname="demoQaAuto.FormsPageTest"/>
  <testcase name="verify_Forms_Page_Link" time="0.313" classname="demoQaAuto.FormsPageTest"/>
</testsuite> <!-- demoQaAuto.FormsPageTest -->
