<?xml version="1.0" encoding="UTF-8"?>
<!-- Generated by org.testng.reporters.JUnitReportReporter -->
<testsuite hostname="DESKTOP-NG1S63P" name="demoQaAuto.HomePageTest" tests="7" failures="0" timestamp="21 Aug 2020 09:18:33 GMT" time="4.160" errors="0">
  <testcase name="verify_Forms_Link" time="0.194" classname="demoQaAuto.HomePageTest"/>
  <testcase name="verify_Elements_Link" time="0.129" classname="demoQaAuto.HomePageTest"/>
  <testcase name="verify_Alerts_Link" time="0.118" classname="demoQaAuto.HomePageTest"/>
  <testcase name="verify_Book_Link" time="0.128" classname="demoQaAuto.HomePageTest"/>
  <testcase name="launchUrl" time="3.180" classname="demoQaAuto.HomePageTest"/>
  <testcase name="verify_Interactions_Link" time="0.201" classname="demoQaAuto.HomePageTest"/>
  <testcase name="verify_Widgets_Link" time="0.210" classname="demoQaAuto.HomePageTest"/>
</testsuite> <!-- demoQaAuto.HomePageTest -->
