<?xml version="1.0" encoding="UTF-8"?>
<!-- Generated by org.testng.reporters.JUnitReportReporter -->
<testsuite hostname="DESKTOP-NG1S63P" name="demoQaAuto.ElementPageTest" tests="2" failures="0" timestamp="21 Aug 2020 09:35:01 GMT" time="2.733" errors="0">
  <testcase name="verify_Element_Page_Link" time="0.936" classname="demoQaAuto.ElementPageTest"/>
  <testcase name="verify_TextBox" time="1.797" classname="demoQaAuto.ElementPageTest"/>
</testsuite> <!-- demoQaAuto.ElementPageTest -->
