<?xml version="1.0" encoding="UTF-8"?>
<!-- Generated by org.testng.reporters.JUnitReportReporter -->
<testsuite hostname="DESKTOP-NG1S63P" name="demoQaAuto.FormsPageTest" tests="2" failures="0" timestamp="21 Aug 2020 09:35:01 GMT" time="4.451" errors="0">
  <testcase name="verify_TextBox" time="3.434" classname="demoQaAuto.FormsPageTest"/>
  <testcase name="verify_Forms_Page_Link" time="1.017" classname="demoQaAuto.FormsPageTest"/>
</testsuite> <!-- demoQaAuto.FormsPageTest -->
